Determining if the __GLIBC__ exist failed with the following output:
Change Dir: /home/runner/work/Nanosaur2-Android/Nanosaur2-Android/android/app/.cxx/Debug/6k2v383q/armeabi-v7a/CMakeFiles/CMakeTmp

Run Build Command(s):/usr/local/lib/android/sdk/cmake/3.22.1/bin/ninja cmTC_e5800 && [1/2] Building C object CMakeFiles/cmTC_e5800.dir/CheckSymbolExists.c.o
FAILED: CMakeFiles/cmTC_e5800.dir/CheckSymbolExists.c.o 
/usr/local/lib/android/sdk/ndk/27.3.13750724/toolchains/llvm/prebuilt/linux-x86_64/bin/clang --target=armv7-none-linux-androideabi24 --sysroot=/usr/local/lib/android/sdk/ndk/27.3.13750724/toolchains/llvm/prebuilt/linux-x86_64/sysroot   -g -DANDROID -fdata-sections -ffunction-sections -funwind-tables -fstack-protector-strong -no-canonical-prefixes -D_FORTIFY_SOURCE=2 -march=armv7-a -mthumb -Wformat -Werror=format-security   -D_GNU_SOURCE=1 -fPIE -MD -MT CMakeFiles/cmTC_e5800.dir/CheckSymbolExists.c.o -MF CMakeFiles/cmTC_e5800.dir/CheckSymbolExists.c.o.d -o CMakeFiles/cmTC_e5800.dir/CheckSymbolExists.c.o -c /home/runner/work/Nanosaur2-Android/Nanosaur2-Android/android/app/.cxx/Debug/6k2v383q/armeabi-v7a/CMakeFiles/CMakeTmp/CheckSymbolExists.c
/home/runner/work/Nanosaur2-Android/Nanosaur2-Android/android/app/.cxx/Debug/6k2v383q/armeabi-v7a/CMakeFiles/CMakeTmp/CheckSymbolExists.c:8:19: error: use of undeclared identifier '__GLIBC__'
    8 |   return ((int*)(&__GLIBC__))[argc];
      |                   ^
1 error generated.
ninja: build stopped: subcommand failed.


File /home/runner/work/Nanosaur2-Android/Nanosaur2-Android/android/app/.cxx/Debug/6k2v383q/armeabi-v7a/CMakeFiles/CMakeTmp/CheckSymbolExists.c:
/* */
#include <stdlib.h>

int main(int argc, char** argv)
{
  (void)argv;
#ifndef __GLIBC__
  return ((int*)(&__GLIBC__))[argc];
#else
  (void)argc;
  return 0;
#endif
}
Determining if the _i64toa exist failed with the following output:
Change Dir: /home/runner/work/Nanosaur2-Android/Nanosaur2-Android/android/app/.cxx/Debug/6k2v383q/armeabi-v7a/CMakeFiles/CMakeTmp

Run Build Command(s):/usr/local/lib/android/sdk/cmake/3.22.1/bin/ninja cmTC_55a0b && [1/2] Building C object CMakeFiles/cmTC_55a0b.dir/CheckSymbolExists.c.o
FAILED: CMakeFiles/cmTC_55a0b.dir/CheckSymbolExists.c.o 
/usr/local/lib/android/sdk/ndk/27.3.13750724/toolchains/llvm/prebuilt/linux-x86_64/bin/clang --target=armv7-none-linux-androideabi24 --sysroot=/usr/local/lib/android/sdk/ndk/27.3.13750724/toolchains/llvm/prebuilt/linux-x86_64/sysroot   -g -DANDROID -fdata-sections -ffunction-sections -funwind-tables -fstack-protector-strong -no-canonical-prefixes -D_FORTIFY_SOURCE=2 -march=armv7-a -mthumb -Wformat -Werror=format-security   -D_GNU_SOURCE=1 -fPIE -MD -MT CMakeFiles/cmTC_55a0b.dir/CheckSymbolExists.c.o -MF CMakeFiles/cmTC_55a0b.dir/CheckSymbolExists.c.o.d -o CMakeFiles/cmTC_55a0b.dir/CheckSymbolExists.c.o -c /home/runner/work/Nanosaur2-Android/Nanosaur2-Android/android/app/.cxx/Debug/6k2v383q/armeabi-v7a/CMakeFiles/CMakeTmp/CheckSymbolExists.c
/home/runner/work/Nanosaur2-Android/Nanosaur2-Android/android/app/.cxx/Debug/6k2v383q/armeabi-v7a/CMakeFiles/CMakeTmp/CheckSymbolExists.c:26:19: error: use of undeclared identifier '_i64toa'
   26 |   return ((int*)(&_i64toa))[argc];
      |                   ^
1 error generated.
ninja: build stopped: subcommand failed.


File /home/runner/work/Nanosaur2-Android/Nanosaur2-Android/android/app/.cxx/Debug/6k2v383q/armeabi-v7a/CMakeFiles/CMakeTmp/CheckSymbolExists.c:
/* */
#include <float.h>
#include <iconv.h>
#include <inttypes.h>
#include <limits.h>
#include <malloc.h>
#include <math.h>
#include <memory.h>
#include <signal.h>
#include <stdarg.h>
#include <stdbool.h>
#include <stddef.h>
#include <stdint.h>
#include <stdio.h>
#include <stdlib.h>
#include <string.h>
#include <strings.h>
#include <sys/types.h>
#include <time.h>
#include <wchar.h>

int main(int argc, char** argv)
{
  (void)argv;
#ifndef _i64toa
  return ((int*)(&_i64toa))[argc];
#else
  (void)argc;
  return 0;
#endif
}
Determining if the index exist failed with the following output:
Change Dir: /home/runner/work/Nanosaur2-Android/Nanosaur2-Android/android/app/.cxx/Debug/6k2v383q/armeabi-v7a/CMakeFiles/CMakeTmp

Run Build Command(s):/usr/local/lib/android/sdk/cmake/3.22.1/bin/ninja cmTC_5fb9d && [1/2] Building C object CMakeFiles/cmTC_5fb9d.dir/CheckSymbolExists.c.o
FAILED: CMakeFiles/cmTC_5fb9d.dir/CheckSymbolExists.c.o 
/usr/local/lib/android/sdk/ndk/27.3.13750724/toolchains/llvm/prebuilt/linux-x86_64/bin/clang --target=armv7-none-linux-androideabi24 --sysroot=/usr/local/lib/android/sdk/ndk/27.3.13750724/toolchains/llvm/prebuilt/linux-x86_64/sysroot   -g -DANDROID -fdata-sections -ffunction-sections -funwind-tables -fstack-protector-strong -no-canonical-prefixes -D_FORTIFY_SOURCE=2 -march=armv7-a -mthumb -Wformat -Werror=format-security   -D_GNU_SOURCE=1 -fPIE -MD -MT CMakeFiles/cmTC_5fb9d.dir/CheckSymbolExists.c.o -MF CMakeFiles/cmTC_5fb9d.dir/CheckSymbolExists.c.o.d -o CMakeFiles/cmTC_5fb9d.dir/CheckSymbolExists.c.o -c /home/runner/work/Nanosaur2-Android/Nanosaur2-Android/android/app/.cxx/Debug/6k2v383q/armeabi-v7a/CMakeFiles/CMakeTmp/CheckSymbolExists.c
/home/runner/work/Nanosaur2-Android/Nanosaur2-Android/android/app/.cxx/Debug/6k2v383q/armeabi-v7a/CMakeFiles/CMakeTmp/CheckSymbolExists.c:26:19: error: call to undeclared library function 'index' with type 'char *(const char *, int)'; ISO C99 and later do not support implicit function declarations [-Wimplicit-function-declaration]
   26 |   return ((int*)(&index))[argc];
      |                   ^
/home/runner/work/Nanosaur2-Android/Nanosaur2-Android/android/app/.cxx/Debug/6k2v383q/armeabi-v7a/CMakeFiles/CMakeTmp/CheckSymbolExists.c:26:19: note: include the header <strings.h> or explicitly provide a declaration for 'index'
1 error generated.
ninja: build stopped: subcommand failed.


File /home/runner/work/Nanosaur2-Android/Nanosaur2-Android/android/app/.cxx/Debug/6k2v383q/armeabi-v7a/CMakeFiles/CMakeTmp/CheckSymbolExists.c:
/* */
#include <float.h>
#include <iconv.h>
#include <inttypes.h>
#include <limits.h>
#include <malloc.h>
#include <math.h>
#include <memory.h>
#include <signal.h>
#include <stdarg.h>
#include <stdbool.h>
#include <stddef.h>
#include <stdint.h>
#include <stdio.h>
#include <stdlib.h>
#include <string.h>
#include <strings.h>
#include <sys/types.h>
#include <time.h>
#include <wchar.h>

int main(int argc, char** argv)
{
  (void)argv;
#ifndef index
  return ((int*)(&index))[argc];
#else
  (void)argc;
  return 0;
#endif
}
Determining if the itoa exist failed with the following output:
Change Dir: /home/runner/work/Nanosaur2-Android/Nanosaur2-Android/android/app/.cxx/Debug/6k2v383q/armeabi-v7a/CMakeFiles/CMakeTmp

Run Build Command(s):/usr/local/lib/android/sdk/cmake/3.22.1/bin/ninja cmTC_d5979 && [1/2] Building C object CMakeFiles/cmTC_d5979.dir/CheckSymbolExists.c.o
FAILED: CMakeFiles/cmTC_d5979.dir/CheckSymbolExists.c.o 
/usr/local/lib/android/sdk/ndk/27.3.13750724/toolchains/llvm/prebuilt/linux-x86_64/bin/clang --target=armv7-none-linux-androideabi24 --sysroot=/usr/local/lib/android/sdk/ndk/27.3.13750724/toolchains/llvm/prebuilt/linux-x86_64/sysroot   -g -DANDROID -fdata-sections -ffunction-sections -funwind-tables -fstack-protector-strong -no-canonical-prefixes -D_FORTIFY_SOURCE=2 -march=armv7-a -mthumb -Wformat -Werror=format-security   -D_GNU_SOURCE=1 -fPIE -MD -MT CMakeFiles/cmTC_d5979.dir/CheckSymbolExists.c.o -MF CMakeFiles/cmTC_d5979.dir/CheckSymbolExists.c.o.d -o CMakeFiles/cmTC_d5979.dir/CheckSymbolExists.c.o -c /home/runner/work/Nanosaur2-Android/Nanosaur2-Android/android/app/.cxx/Debug/6k2v383q/armeabi-v7a/CMakeFiles/CMakeTmp/CheckSymbolExists.c
/home/runner/work/Nanosaur2-Android/Nanosaur2-Android/android/app/.cxx/Debug/6k2v383q/armeabi-v7a/CMakeFiles/CMakeTmp/CheckSymbolExists.c:26:19: error: use of undeclared identifier 'itoa'
   26 |   return ((int*)(&itoa))[argc];
      |                   ^
1 error generated.
ninja: build stopped: subcommand failed.


File /home/runner/work/Nanosaur2-Android/Nanosaur2-Android/android/app/.cxx/Debug/6k2v383q/armeabi-v7a/CMakeFiles/CMakeTmp/CheckSymbolExists.c:
/* */
#include <float.h>
#include <iconv.h>
#include <inttypes.h>
#include <limits.h>
#include <malloc.h>
#include <math.h>
#include <memory.h>
#include <signal.h>
#include <stdarg.h>
#include <stdbool.h>
#include <stddef.h>
#include <stdint.h>
#include <stdio.h>
#include <stdlib.h>
#include <string.h>
#include <strings.h>
#include <sys/types.h>
#include <time.h>
#include <wchar.h>

int main(int argc, char** argv)
{
  (void)argv;
#ifndef itoa
  return ((int*)(&itoa))[argc];
#else
  (void)argc;
  return 0;
#endif
}
Determining if the _ltoa exist failed with the following output:
Change Dir: /home/runner/work/Nanosaur2-Android/Nanosaur2-Android/android/app/.cxx/Debug/6k2v383q/armeabi-v7a/CMakeFiles/CMakeTmp

Run Build Command(s):/usr/local/lib/android/sdk/cmake/3.22.1/bin/ninja cmTC_66e4d && [1/2] Building C object CMakeFiles/cmTC_66e4d.dir/CheckSymbolExists.c.o
FAILED: CMakeFiles/cmTC_66e4d.dir/CheckSymbolExists.c.o 
/usr/local/lib/android/sdk/ndk/27.3.13750724/toolchains/llvm/prebuilt/linux-x86_64/bin/clang --target=armv7-none-linux-androideabi24 --sysroot=/usr/local/lib/android/sdk/ndk/27.3.13750724/toolchains/llvm/prebuilt/linux-x86_64/sysroot   -g -DANDROID -fdata-sections -ffunction-sections -funwind-tables -fstack-protector-strong -no-canonical-prefixes -D_FORTIFY_SOURCE=2 -march=armv7-a -mthumb -Wformat -Werror=format-security   -D_GNU_SOURCE=1 -fPIE -MD -MT CMakeFiles/cmTC_66e4d.dir/CheckSymbolExists.c.o -MF CMakeFiles/cmTC_66e4d.dir/CheckSymbolExists.c.o.d -o CMakeFiles/cmTC_66e4d.dir/CheckSymbolExists.c.o -c /home/runner/work/Nanosaur2-Android/Nanosaur2-Android/android/app/.cxx/Debug/6k2v383q/armeabi-v7a/CMakeFiles/CMakeTmp/CheckSymbolExists.c
/home/runner/work/Nanosaur2-Android/Nanosaur2-Android/android/app/.cxx/Debug/6k2v383q/armeabi-v7a/CMakeFiles/CMakeTmp/CheckSymbolExists.c:26:19: error: use of undeclared identifier '_ltoa'
   26 |   return ((int*)(&_ltoa))[argc];
      |                   ^
1 error generated.
ninja: build stopped: subcommand failed.


File /home/runner/work/Nanosaur2-Android/Nanosaur2-Android/android/app/.cxx/Debug/6k2v383q/armeabi-v7a/CMakeFiles/CMakeTmp/CheckSymbolExists.c:
/* */
#include <float.h>
#include <iconv.h>
#include <inttypes.h>
#include <limits.h>
#include <malloc.h>
#include <math.h>
#include <memory.h>
#include <signal.h>
#include <stdarg.h>
#include <stdbool.h>
#include <stddef.h>
#include <stdint.h>
#include <stdio.h>
#include <stdlib.h>
#include <string.h>
#include <strings.h>
#include <sys/types.h>
#include <time.h>
#include <wchar.h>

int main(int argc, char** argv)
{
  (void)argv;
#ifndef _ltoa
  return ((int*)(&_ltoa))[argc];
#else
  (void)argc;
  return 0;
#endif
}
Determining if the rindex exist failed with the following output:
Change Dir: /home/runner/work/Nanosaur2-Android/Nanosaur2-Android/android/app/.cxx/Debug/6k2v383q/armeabi-v7a/CMakeFiles/CMakeTmp

Run Build Command(s):/usr/local/lib/android/sdk/cmake/3.22.1/bin/ninja cmTC_6a87e && [1/2] Building C object CMakeFiles/cmTC_6a87e.dir/CheckSymbolExists.c.o
FAILED: CMakeFiles/cmTC_6a87e.dir/CheckSymbolExists.c.o 
/usr/local/lib/android/sdk/ndk/27.3.13750724/toolchains/llvm/prebuilt/linux-x86_64/bin/clang --target=armv7-none-linux-androideabi24 --sysroot=/usr/local/lib/android/sdk/ndk/27.3.13750724/toolchains/llvm/prebuilt/linux-x86_64/sysroot   -g -DANDROID -fdata-sections -ffunction-sections -funwind-tables -fstack-protector-strong -no-canonical-prefixes -D_FORTIFY_SOURCE=2 -march=armv7-a -mthumb -Wformat -Werror=format-security   -D_GNU_SOURCE=1 -fPIE -MD -MT CMakeFiles/cmTC_6a87e.dir/CheckSymbolExists.c.o -MF CMakeFiles/cmTC_6a87e.dir/CheckSymbolExists.c.o.d -o CMakeFiles/cmTC_6a87e.dir/CheckSymbolExists.c.o -c /home/runner/work/Nanosaur2-Android/Nanosaur2-Android/android/app/.cxx/Debug/6k2v383q/armeabi-v7a/CMakeFiles/CMakeTmp/CheckSymbolExists.c
/home/runner/work/Nanosaur2-Android/Nanosaur2-Android/android/app/.cxx/Debug/6k2v383q/armeabi-v7a/CMakeFiles/CMakeTmp/CheckSymbolExists.c:26:19: error: call to undeclared library function 'rindex' with type 'char *(const char *, int)'; ISO C99 and later do not support implicit function declarations [-Wimplicit-function-declaration]
   26 |   return ((int*)(&rindex))[argc];
      |                   ^
/home/runner/work/Nanosaur2-Android/Nanosaur2-Android/android/app/.cxx/Debug/6k2v383q/armeabi-v7a/CMakeFiles/CMakeTmp/CheckSymbolExists.c:26:19: note: include the header <strings.h> or explicitly provide a declaration for 'rindex'
1 error generated.
ninja: build stopped: subcommand failed.


File /home/runner/work/Nanosaur2-Android/Nanosaur2-Android/android/app/.cxx/Debug/6k2v383q/armeabi-v7a/CMakeFiles/CMakeTmp/CheckSymbolExists.c:
/* */
#include <float.h>
#include <iconv.h>
#include <inttypes.h>
#include <limits.h>
#include <malloc.h>
#include <math.h>
#include <memory.h>
#include <signal.h>
#include <stdarg.h>
#include <stdbool.h>
#include <stddef.h>
#include <stdint.h>
#include <stdio.h>
#include <stdlib.h>
#include <string.h>
#include <strings.h>
#include <sys/types.h>
#include <time.h>
#include <wchar.h>

int main(int argc, char** argv)
{
  (void)argv;
#ifndef rindex
  return ((int*)(&rindex))[argc];
#else
  (void)argc;
  return 0;
#endif
}
Determining if the sqr exist failed with the following output:
Change Dir: /home/runner/work/Nanosaur2-Android/Nanosaur2-Android/android/app/.cxx/Debug/6k2v383q/armeabi-v7a/CMakeFiles/CMakeTmp

Run Build Command(s):/usr/local/lib/android/sdk/cmake/3.22.1/bin/ninja cmTC_bdae1 && [1/2] Building C object CMakeFiles/cmTC_bdae1.dir/CheckSymbolExists.c.o
FAILED: CMakeFiles/cmTC_bdae1.dir/CheckSymbolExists.c.o 
/usr/local/lib/android/sdk/ndk/27.3.13750724/toolchains/llvm/prebuilt/linux-x86_64/bin/clang --target=armv7-none-linux-androideabi24 --sysroot=/usr/local/lib/android/sdk/ndk/27.3.13750724/toolchains/llvm/prebuilt/linux-x86_64/sysroot   -g -DANDROID -fdata-sections -ffunction-sections -funwind-tables -fstack-protector-strong -no-canonical-prefixes -D_FORTIFY_SOURCE=2 -march=armv7-a -mthumb -Wformat -Werror=format-security   -D_GNU_SOURCE=1 -fPIE -MD -MT CMakeFiles/cmTC_bdae1.dir/CheckSymbolExists.c.o -MF CMakeFiles/cmTC_bdae1.dir/CheckSymbolExists.c.o.d -o CMakeFiles/cmTC_bdae1.dir/CheckSymbolExists.c.o -c /home/runner/work/Nanosaur2-Android/Nanosaur2-Android/android/app/.cxx/Debug/6k2v383q/armeabi-v7a/CMakeFiles/CMakeTmp/CheckSymbolExists.c
/home/runner/work/Nanosaur2-Android/Nanosaur2-Android/android/app/.cxx/Debug/6k2v383q/armeabi-v7a/CMakeFiles/CMakeTmp/CheckSymbolExists.c:26:19: error: use of undeclared identifier 'sqr'; did you mean 'sqrt'?
   26 |   return ((int*)(&sqr))[argc];
      |                   ^~~
      |                   sqrt
/usr/local/lib/android/sdk/ndk/27.3.13750724/toolchains/llvm/prebuilt/linux-x86_64/sysroot/usr/include/math.h:200:8: note: 'sqrt' declared here
  200 | double sqrt(double __x);
      |        ^
1 error generated.
ninja: build stopped: subcommand failed.


File /home/runner/work/Nanosaur2-Android/Nanosaur2-Android/android/app/.cxx/Debug/6k2v383q/armeabi-v7a/CMakeFiles/CMakeTmp/CheckSymbolExists.c:
/* */
#include <float.h>
#include <iconv.h>
#include <inttypes.h>
#include <limits.h>
#include <malloc.h>
#include <math.h>
#include <memory.h>
#include <signal.h>
#include <stdarg.h>
#include <stdbool.h>
#include <stddef.h>
#include <stdint.h>
#include <stdio.h>
#include <stdlib.h>
#include <string.h>
#include <strings.h>
#include <sys/types.h>
#include <time.h>
#include <wchar.h>

int main(int argc, char** argv)
{
  (void)argv;
#ifndef sqr
  return ((int*)(&sqr))[argc];
#else
  (void)argc;
  return 0;
#endif
}
Determining if the strnstr exist failed with the following output:
Change Dir: /home/runner/work/Nanosaur2-Android/Nanosaur2-Android/android/app/.cxx/Debug/6k2v383q/armeabi-v7a/CMakeFiles/CMakeTmp

Run Build Command(s):/usr/local/lib/android/sdk/cmake/3.22.1/bin/ninja cmTC_2e445 && [1/2] Building C object CMakeFiles/cmTC_2e445.dir/CheckSymbolExists.c.o
FAILED: CMakeFiles/cmTC_2e445.dir/CheckSymbolExists.c.o 
/usr/local/lib/android/sdk/ndk/27.3.13750724/toolchains/llvm/prebuilt/linux-x86_64/bin/clang --target=armv7-none-linux-androideabi24 --sysroot=/usr/local/lib/android/sdk/ndk/27.3.13750724/toolchains/llvm/prebuilt/linux-x86_64/sysroot   -g -DANDROID -fdata-sections -ffunction-sections -funwind-tables -fstack-protector-strong -no-canonical-prefixes -D_FORTIFY_SOURCE=2 -march=armv7-a -mthumb -Wformat -Werror=format-security   -D_GNU_SOURCE=1 -fPIE -MD -MT CMakeFiles/cmTC_2e445.dir/CheckSymbolExists.c.o -MF CMakeFiles/cmTC_2e445.dir/CheckSymbolExists.c.o.d -o CMakeFiles/cmTC_2e445.dir/CheckSymbolExists.c.o -c /home/runner/work/Nanosaur2-Android/Nanosaur2-Android/android/app/.cxx/Debug/6k2v383q/armeabi-v7a/CMakeFiles/CMakeTmp/CheckSymbolExists.c
/home/runner/work/Nanosaur2-Android/Nanosaur2-Android/android/app/.cxx/Debug/6k2v383q/armeabi-v7a/CMakeFiles/CMakeTmp/CheckSymbolExists.c:26:19: error: use of undeclared identifier 'strnstr'; did you mean 'strstr'?
   26 |   return ((int*)(&strnstr))[argc];
      |                   ^~~~~~~
      |                   strstr
/usr/local/lib/android/sdk/ndk/27.3.13750724/toolchains/llvm/prebuilt/linux-x86_64/sysroot/usr/include/string.h:117:17: note: 'strstr' declared here
  117 | char* _Nullable strstr(const char* _Nonnull __haystack, const char* _Nonnull __needle) __attribute_pure__;
      |                 ^
1 error generated.
ninja: build stopped: subcommand failed.


File /home/runner/work/Nanosaur2-Android/Nanosaur2-Android/android/app/.cxx/Debug/6k2v383q/armeabi-v7a/CMakeFiles/CMakeTmp/CheckSymbolExists.c:
/* */
#include <float.h>
#include <iconv.h>
#include <inttypes.h>
#include <limits.h>
#include <malloc.h>
#include <math.h>
#include <memory.h>
#include <signal.h>
#include <stdarg.h>
#include <stdbool.h>
#include <stddef.h>
#include <stdint.h>
#include <stdio.h>
#include <stdlib.h>
#include <string.h>
#include <strings.h>
#include <sys/types.h>
#include <time.h>
#include <wchar.h>

int main(int argc, char** argv)
{
  (void)argv;
#ifndef strnstr
  return ((int*)(&strnstr))[argc];
#else
  (void)argc;
  return 0;
#endif
}
Performing C SOURCE FILE Test LIBC_HAS_ISINFF failed with the following output:
Change Dir: /home/runner/work/Nanosaur2-Android/Nanosaur2-Android/android/app/.cxx/Debug/6k2v383q/armeabi-v7a/CMakeFiles/CMakeTmp

Run Build Command(s):/usr/local/lib/android/sdk/cmake/3.22.1/bin/ninja cmTC_976b1 && [1/2] Building C object CMakeFiles/cmTC_976b1.dir/src.c.o
FAILED: CMakeFiles/cmTC_976b1.dir/src.c.o 
/usr/local/lib/android/sdk/ndk/27.3.13750724/toolchains/llvm/prebuilt/linux-x86_64/bin/clang --target=armv7-none-linux-androideabi24 --sysroot=/usr/local/lib/android/sdk/ndk/27.3.13750724/toolchains/llvm/prebuilt/linux-x86_64/sysroot -DLIBC_HAS_ISINFF  -g -DANDROID -fdata-sections -ffunction-sections -funwind-tables -fstack-protector-strong -no-canonical-prefixes -D_FORTIFY_SOURCE=2 -march=armv7-a -mthumb -Wformat -Werror=format-security   -D_GNU_SOURCE=1 -Wfloat-conversion -Werror -fPIE -MD -MT CMakeFiles/cmTC_976b1.dir/src.c.o -MF CMakeFiles/cmTC_976b1.dir/src.c.o.d -o CMakeFiles/cmTC_976b1.dir/src.c.o -c /home/runner/work/Nanosaur2-Android/Nanosaur2-Android/android/app/.cxx/Debug/6k2v383q/armeabi-v7a/CMakeFiles/CMakeTmp/src.c
/home/runner/work/Nanosaur2-Android/Nanosaur2-Android/android/app/.cxx/Debug/6k2v383q/armeabi-v7a/CMakeFiles/CMakeTmp/src.c:5:16: error: call to undeclared function 'isinff'; ISO C99 and later do not support implicit function declarations [-Wimplicit-function-declaration]
    5 |         return isinff(f);
      |                ^
/home/runner/work/Nanosaur2-Android/Nanosaur2-Android/android/app/.cxx/Debug/6k2v383q/armeabi-v7a/CMakeFiles/CMakeTmp/src.c:5:16: note: did you mean 'isinf'?
/usr/local/lib/android/sdk/ndk/27.3.13750724/toolchains/llvm/prebuilt/linux-x86_64/sysroot/usr/include/math.h:322:6: note: 'isinf' declared here
  322 | int (isinf)(double __x) __attribute_const__;
      |      ^
1 error generated.
ninja: build stopped: subcommand failed.


Source file was:

      #include <math.h>
      int main() {
        float f = 3.14159f;
        return isinff(f);
      }
    
Determining if the nl_langinfo exist failed with the following output:
Change Dir: /home/runner/work/Nanosaur2-Android/Nanosaur2-Android/android/app/.cxx/Debug/6k2v383q/armeabi-v7a/CMakeFiles/CMakeTmp

Run Build Command(s):/usr/local/lib/android/sdk/cmake/3.22.1/bin/ninja cmTC_e299d && [1/2] Building C object CMakeFiles/cmTC_e299d.dir/CheckSymbolExists.c.o
FAILED: CMakeFiles/cmTC_e299d.dir/CheckSymbolExists.c.o 
/usr/local/lib/android/sdk/ndk/27.3.13750724/toolchains/llvm/prebuilt/linux-x86_64/bin/clang --target=armv7-none-linux-androideabi24 --sysroot=/usr/local/lib/android/sdk/ndk/27.3.13750724/toolchains/llvm/prebuilt/linux-x86_64/sysroot   -g -DANDROID -fdata-sections -ffunction-sections -funwind-tables -fstack-protector-strong -no-canonical-prefixes -D_FORTIFY_SOURCE=2 -march=armv7-a -mthumb -Wformat -Werror=format-security   -D_GNU_SOURCE=1 -fPIE -MD -MT CMakeFiles/cmTC_e299d.dir/CheckSymbolExists.c.o -MF CMakeFiles/cmTC_e299d.dir/CheckSymbolExists.c.o.d -o CMakeFiles/cmTC_e299d.dir/CheckSymbolExists.c.o -c /home/runner/work/Nanosaur2-Android/Nanosaur2-Android/android/app/.cxx/Debug/6k2v383q/armeabi-v7a/CMakeFiles/CMakeTmp/CheckSymbolExists.c
/home/runner/work/Nanosaur2-Android/Nanosaur2-Android/android/app/.cxx/Debug/6k2v383q/armeabi-v7a/CMakeFiles/CMakeTmp/CheckSymbolExists.c:8:19: error: use of undeclared identifier 'nl_langinfo'
    8 |   return ((int*)(&nl_langinfo))[argc];
      |                   ^
1 error generated.
ninja: build stopped: subcommand failed.


File /home/runner/work/Nanosaur2-Android/Nanosaur2-Android/android/app/.cxx/Debug/6k2v383q/armeabi-v7a/CMakeFiles/CMakeTmp/CheckSymbolExists.c:
/* */
#include <langinfo.h>

int main(int argc, char** argv)
{
  (void)argv;
#ifndef nl_langinfo
  return ((int*)(&nl_langinfo))[argc];
#else
  (void)argc;
  return 0;
#endif
}
Determining if the sysctlbyname exist failed with the following output:
Change Dir: /home/runner/work/Nanosaur2-Android/Nanosaur2-Android/android/app/.cxx/Debug/6k2v383q/armeabi-v7a/CMakeFiles/CMakeTmp

Run Build Command(s):/usr/local/lib/android/sdk/cmake/3.22.1/bin/ninja cmTC_f9aa6 && [1/2] Building C object CMakeFiles/cmTC_f9aa6.dir/CheckSymbolExists.c.o
FAILED: CMakeFiles/cmTC_f9aa6.dir/CheckSymbolExists.c.o 
/usr/local/lib/android/sdk/ndk/27.3.13750724/toolchains/llvm/prebuilt/linux-x86_64/bin/clang --target=armv7-none-linux-androideabi24 --sysroot=/usr/local/lib/android/sdk/ndk/27.3.13750724/toolchains/llvm/prebuilt/linux-x86_64/sysroot   -g -DANDROID -fdata-sections -ffunction-sections -funwind-tables -fstack-protector-strong -no-canonical-prefixes -D_FORTIFY_SOURCE=2 -march=armv7-a -mthumb -Wformat -Werror=format-security   -D_GNU_SOURCE=1 -fPIE -MD -MT CMakeFiles/cmTC_f9aa6.dir/CheckSymbolExists.c.o -MF CMakeFiles/cmTC_f9aa6.dir/CheckSymbolExists.c.o.d -o CMakeFiles/cmTC_f9aa6.dir/CheckSymbolExists.c.o -c /home/runner/work/Nanosaur2-Android/Nanosaur2-Android/android/app/.cxx/Debug/6k2v383q/armeabi-v7a/CMakeFiles/CMakeTmp/CheckSymbolExists.c
/home/runner/work/Nanosaur2-Android/Nanosaur2-Android/android/app/.cxx/Debug/6k2v383q/armeabi-v7a/CMakeFiles/CMakeTmp/CheckSymbolExists.c:3:10: fatal error: 'sys/sysctl.h' file not found
    3 | #include <sys/sysctl.h>
      |          ^~~~~~~~~~~~~~
1 error generated.
ninja: build stopped: subcommand failed.


File /home/runner/work/Nanosaur2-Android/Nanosaur2-Android/android/app/.cxx/Debug/6k2v383q/armeabi-v7a/CMakeFiles/CMakeTmp/CheckSymbolExists.c:
/* */
#include <sys/types.h>
#include <sys/sysctl.h>

int main(int argc, char** argv)
{
  (void)argv;
#ifndef sysctlbyname
  return ((int*)(&sysctlbyname))[argc];
#else
  (void)argc;
  return 0;
#endif
}
Determining if the elf_aux_info exist failed with the following output:
Change Dir: /home/runner/work/Nanosaur2-Android/Nanosaur2-Android/android/app/.cxx/Debug/6k2v383q/armeabi-v7a/CMakeFiles/CMakeTmp

Run Build Command(s):/usr/local/lib/android/sdk/cmake/3.22.1/bin/ninja cmTC_0ce71 && [1/2] Building C object CMakeFiles/cmTC_0ce71.dir/CheckSymbolExists.c.o
FAILED: CMakeFiles/cmTC_0ce71.dir/CheckSymbolExists.c.o 
/usr/local/lib/android/sdk/ndk/27.3.13750724/toolchains/llvm/prebuilt/linux-x86_64/bin/clang --target=armv7-none-linux-androideabi24 --sysroot=/usr/local/lib/android/sdk/ndk/27.3.13750724/toolchains/llvm/prebuilt/linux-x86_64/sysroot   -g -DANDROID -fdata-sections -ffunction-sections -funwind-tables -fstack-protector-strong -no-canonical-prefixes -D_FORTIFY_SOURCE=2 -march=armv7-a -mthumb -Wformat -Werror=format-security   -D_GNU_SOURCE=1 -fPIE -MD -MT CMakeFiles/cmTC_0ce71.dir/CheckSymbolExists.c.o -MF CMakeFiles/cmTC_0ce71.dir/CheckSymbolExists.c.o.d -o CMakeFiles/cmTC_0ce71.dir/CheckSymbolExists.c.o -c /home/runner/work/Nanosaur2-Android/Nanosaur2-Android/android/app/.cxx/Debug/6k2v383q/armeabi-v7a/CMakeFiles/CMakeTmp/CheckSymbolExists.c
/home/runner/work/Nanosaur2-Android/Nanosaur2-Android/android/app/.cxx/Debug/6k2v383q/armeabi-v7a/CMakeFiles/CMakeTmp/CheckSymbolExists.c:8:19: error: use of undeclared identifier 'elf_aux_info'
    8 |   return ((int*)(&elf_aux_info))[argc];
      |                   ^
1 error generated.
ninja: build stopped: subcommand failed.


File /home/runner/work/Nanosaur2-Android/Nanosaur2-Android/android/app/.cxx/Debug/6k2v383q/armeabi-v7a/CMakeFiles/CMakeTmp/CheckSymbolExists.c:
/* */
#include <sys/auxv.h>

int main(int argc, char** argv)
{
  (void)argv;
#ifndef elf_aux_info
  return ((int*)(&elf_aux_info))[argc];
#else
  (void)argc;
  return 0;
#endif
}
Determining if the memfd_create exist failed with the following output:
Change Dir: /home/runner/work/Nanosaur2-Android/Nanosaur2-Android/android/app/.cxx/Debug/6k2v383q/armeabi-v7a/CMakeFiles/CMakeTmp

Run Build Command(s):/usr/local/lib/android/sdk/cmake/3.22.1/bin/ninja cmTC_0d763 && [1/2] Building C object CMakeFiles/cmTC_0d763.dir/CheckSymbolExists.c.o
FAILED: CMakeFiles/cmTC_0d763.dir/CheckSymbolExists.c.o 
/usr/local/lib/android/sdk/ndk/27.3.13750724/toolchains/llvm/prebuilt/linux-x86_64/bin/clang --target=armv7-none-linux-androideabi24 --sysroot=/usr/local/lib/android/sdk/ndk/27.3.13750724/toolchains/llvm/prebuilt/linux-x86_64/sysroot   -g -DANDROID -fdata-sections -ffunction-sections -funwind-tables -fstack-protector-strong -no-canonical-prefixes -D_FORTIFY_SOURCE=2 -march=armv7-a -mthumb -Wformat -Werror=format-security   -D_GNU_SOURCE=1 -fPIE -MD -MT CMakeFiles/cmTC_0d763.dir/CheckSymbolExists.c.o -MF CMakeFiles/cmTC_0d763.dir/CheckSymbolExists.c.o.d -o CMakeFiles/cmTC_0d763.dir/CheckSymbolExists.c.o -c /home/runner/work/Nanosaur2-Android/Nanosaur2-Android/android/app/.cxx/Debug/6k2v383q/armeabi-v7a/CMakeFiles/CMakeTmp/CheckSymbolExists.c
/home/runner/work/Nanosaur2-Android/Nanosaur2-Android/android/app/.cxx/Debug/6k2v383q/armeabi-v7a/CMakeFiles/CMakeTmp/CheckSymbolExists.c:8:19: error: use of undeclared identifier 'memfd_create'
    8 |   return ((int*)(&memfd_create))[argc];
      |                   ^
1 error generated.
ninja: build stopped: subcommand failed.


File /home/runner/work/Nanosaur2-Android/Nanosaur2-Android/android/app/.cxx/Debug/6k2v383q/armeabi-v7a/CMakeFiles/CMakeTmp/CheckSymbolExists.c:
/* */
#include <sys/mman.h>

int main(int argc, char** argv)
{
  (void)argv;
#ifndef memfd_create
  return ((int*)(&memfd_create))[argc];
#else
  (void)argc;
  return 0;
#endif
}
Determining if the posix_spawn_file_actions_addchdir exist failed with the following output:
Change Dir: /home/runner/work/Nanosaur2-Android/Nanosaur2-Android/android/app/.cxx/Debug/6k2v383q/armeabi-v7a/CMakeFiles/CMakeTmp

Run Build Command(s):/usr/local/lib/android/sdk/cmake/3.22.1/bin/ninja cmTC_659ca && [1/2] Building C object CMakeFiles/cmTC_659ca.dir/CheckSymbolExists.c.o
FAILED: CMakeFiles/cmTC_659ca.dir/CheckSymbolExists.c.o 
/usr/local/lib/android/sdk/ndk/27.3.13750724/toolchains/llvm/prebuilt/linux-x86_64/bin/clang --target=armv7-none-linux-androideabi24 --sysroot=/usr/local/lib/android/sdk/ndk/27.3.13750724/toolchains/llvm/prebuilt/linux-x86_64/sysroot   -g -DANDROID -fdata-sections -ffunction-sections -funwind-tables -fstack-protector-strong -no-canonical-prefixes -D_FORTIFY_SOURCE=2 -march=armv7-a -mthumb -Wformat -Werror=format-security   -D_GNU_SOURCE=1 -fPIE -MD -MT CMakeFiles/cmTC_659ca.dir/CheckSymbolExists.c.o -MF CMakeFiles/cmTC_659ca.dir/CheckSymbolExists.c.o.d -o CMakeFiles/cmTC_659ca.dir/CheckSymbolExists.c.o -c /home/runner/work/Nanosaur2-Android/Nanosaur2-Android/android/app/.cxx/Debug/6k2v383q/armeabi-v7a/CMakeFiles/CMakeTmp/CheckSymbolExists.c
/home/runner/work/Nanosaur2-Android/Nanosaur2-Android/android/app/.cxx/Debug/6k2v383q/armeabi-v7a/CMakeFiles/CMakeTmp/CheckSymbolExists.c:8:19: error: use of undeclared identifier 'posix_spawn_file_actions_addchdir'
    8 |   return ((int*)(&posix_spawn_file_actions_addchdir))[argc];
      |                   ^
1 error generated.
ninja: build stopped: subcommand failed.


File /home/runner/work/Nanosaur2-Android/Nanosaur2-Android/android/app/.cxx/Debug/6k2v383q/armeabi-v7a/CMakeFiles/CMakeTmp/CheckSymbolExists.c:
/* */
#include <spawn.h>

int main(int argc, char** argv)
{
  (void)argv;
#ifndef posix_spawn_file_actions_addchdir
  return ((int*)(&posix_spawn_file_actions_addchdir))[argc];
#else
  (void)argc;
  return 0;
#endif
}
Determining if the posix_spawn_file_actions_addchdir_np exist failed with the following output:
Change Dir: /home/runner/work/Nanosaur2-Android/Nanosaur2-Android/android/app/.cxx/Debug/6k2v383q/armeabi-v7a/CMakeFiles/CMakeTmp

Run Build Command(s):/usr/local/lib/android/sdk/cmake/3.22.1/bin/ninja cmTC_b0cd1 && [1/2] Building C object CMakeFiles/cmTC_b0cd1.dir/CheckSymbolExists.c.o
FAILED: CMakeFiles/cmTC_b0cd1.dir/CheckSymbolExists.c.o 
/usr/local/lib/android/sdk/ndk/27.3.13750724/toolchains/llvm/prebuilt/linux-x86_64/bin/clang --target=armv7-none-linux-androideabi24 --sysroot=/usr/local/lib/android/sdk/ndk/27.3.13750724/toolchains/llvm/prebuilt/linux-x86_64/sysroot   -g -DANDROID -fdata-sections -ffunction-sections -funwind-tables -fstack-protector-strong -no-canonical-prefixes -D_FORTIFY_SOURCE=2 -march=armv7-a -mthumb -Wformat -Werror=format-security   -D_GNU_SOURCE=1 -fPIE -MD -MT CMakeFiles/cmTC_b0cd1.dir/CheckSymbolExists.c.o -MF CMakeFiles/cmTC_b0cd1.dir/CheckSymbolExists.c.o.d -o CMakeFiles/cmTC_b0cd1.dir/CheckSymbolExists.c.o -c /home/runner/work/Nanosaur2-Android/Nanosaur2-Android/android/app/.cxx/Debug/6k2v383q/armeabi-v7a/CMakeFiles/CMakeTmp/CheckSymbolExists.c
/home/runner/work/Nanosaur2-Android/Nanosaur2-Android/android/app/.cxx/Debug/6k2v383q/armeabi-v7a/CMakeFiles/CMakeTmp/CheckSymbolExists.c:8:19: error: use of undeclared identifier 'posix_spawn_file_actions_addchdir_np'
    8 |   return ((int*)(&posix_spawn_file_actions_addchdir_np))[argc];
      |                   ^
1 error generated.
ninja: build stopped: subcommand failed.


File /home/runner/work/Nanosaur2-Android/Nanosaur2-Android/android/app/.cxx/Debug/6k2v383q/armeabi-v7a/CMakeFiles/CMakeTmp/CheckSymbolExists.c:
/* */
#include <spawn.h>

int main(int argc, char** argv)
{
  (void)argv;
#ifndef posix_spawn_file_actions_addchdir_np
  return ((int*)(&posix_spawn_file_actions_addchdir_np))[argc];
#else
  (void)argc;
  return 0;
#endif
}
Performing C SOURCE FILE Test ICONV_IN_LIBC failed with the following output:
Change Dir: /home/runner/work/Nanosaur2-Android/Nanosaur2-Android/android/app/.cxx/Debug/6k2v383q/armeabi-v7a/CMakeFiles/CMakeTmp

Run Build Command(s):/usr/local/lib/android/sdk/cmake/3.22.1/bin/ninja cmTC_f15e4 && [1/2] Building C object CMakeFiles/cmTC_f15e4.dir/src.c.o
FAILED: CMakeFiles/cmTC_f15e4.dir/src.c.o 
/usr/local/lib/android/sdk/ndk/27.3.13750724/toolchains/llvm/prebuilt/linux-x86_64/bin/clang --target=armv7-none-linux-androideabi24 --sysroot=/usr/local/lib/android/sdk/ndk/27.3.13750724/toolchains/llvm/prebuilt/linux-x86_64/sysroot -DICONV_IN_LIBC  -g -DANDROID -fdata-sections -ffunction-sections -funwind-tables -fstack-protector-strong -no-canonical-prefixes -D_FORTIFY_SOURCE=2 -march=armv7-a -mthumb -Wformat -Werror=format-security   -D_GNU_SOURCE=1 -fPIE -MD -MT CMakeFiles/cmTC_f15e4.dir/src.c.o -MF CMakeFiles/cmTC_f15e4.dir/src.c.o.d -o CMakeFiles/cmTC_f15e4.dir/src.c.o -c /home/runner/work/Nanosaur2-Android/Nanosaur2-Android/android/app/.cxx/Debug/6k2v383q/armeabi-v7a/CMakeFiles/CMakeTmp/src.c
/home/runner/work/Nanosaur2-Android/Nanosaur2-Android/android/app/.cxx/Debug/6k2v383q/armeabi-v7a/CMakeFiles/CMakeTmp/src.c:6:21: error: call to undeclared function 'iconv_open'; ISO C99 and later do not support implicit function declarations [-Wimplicit-function-declaration]
    6 |             return !iconv_open(NULL,NULL);
      |                     ^
1 error generated.
ninja: build stopped: subcommand failed.


Source file was:

        #define LIBICONV_PLUG 1 /* in case libiconv header is in include path */
        #include <stddef.h>
        #include <iconv.h>
        int main(int argc, char **argv) {
            return !iconv_open(NULL,NULL);
        }
Performing C SOURCE FILE Test ICONV_IN_LIBICONV failed with the following output:
Change Dir: /home/runner/work/Nanosaur2-Android/Nanosaur2-Android/android/app/.cxx/Debug/6k2v383q/armeabi-v7a/CMakeFiles/CMakeTmp

Run Build Command(s):/usr/local/lib/android/sdk/cmake/3.22.1/bin/ninja cmTC_09b52 && [1/2] Building C object CMakeFiles/cmTC_09b52.dir/src.c.o
FAILED: CMakeFiles/cmTC_09b52.dir/src.c.o 
/usr/local/lib/android/sdk/ndk/27.3.13750724/toolchains/llvm/prebuilt/linux-x86_64/bin/clang --target=armv7-none-linux-androideabi24 --sysroot=/usr/local/lib/android/sdk/ndk/27.3.13750724/toolchains/llvm/prebuilt/linux-x86_64/sysroot -DICONV_IN_LIBICONV  -g -DANDROID -fdata-sections -ffunction-sections -funwind-tables -fstack-protector-strong -no-canonical-prefixes -D_FORTIFY_SOURCE=2 -march=armv7-a -mthumb -Wformat -Werror=format-security   -D_GNU_SOURCE=1 -fPIE -MD -MT CMakeFiles/cmTC_09b52.dir/src.c.o -MF CMakeFiles/cmTC_09b52.dir/src.c.o.d -o CMakeFiles/cmTC_09b52.dir/src.c.o -c /home/runner/work/Nanosaur2-Android/Nanosaur2-Android/android/app/.cxx/Debug/6k2v383q/armeabi-v7a/CMakeFiles/CMakeTmp/src.c
/home/runner/work/Nanosaur2-Android/Nanosaur2-Android/android/app/.cxx/Debug/6k2v383q/armeabi-v7a/CMakeFiles/CMakeTmp/src.c:5:21: error: call to undeclared function 'iconv_open'; ISO C99 and later do not support implicit function declarations [-Wimplicit-function-declaration]
    5 |             return !iconv_open(NULL,NULL);
      |                     ^
1 error generated.
ninja: build stopped: subcommand failed.


Source file was:

        #include <stddef.h>
        #include <iconv.h>
        int main(int argc, char **argv) {
            return !iconv_open(NULL,NULL);
        }
Determining if the include file pthread_np.h exists failed with the following output:
Change Dir: /home/runner/work/Nanosaur2-Android/Nanosaur2-Android/android/app/.cxx/Debug/6k2v383q/armeabi-v7a/CMakeFiles/CMakeTmp

Run Build Command(s):/usr/local/lib/android/sdk/cmake/3.22.1/bin/ninja cmTC_59233 && [1/2] Building C object CMakeFiles/cmTC_59233.dir/CheckIncludeFile.c.o
FAILED: CMakeFiles/cmTC_59233.dir/CheckIncludeFile.c.o 
/usr/local/lib/android/sdk/ndk/27.3.13750724/toolchains/llvm/prebuilt/linux-x86_64/bin/clang --target=armv7-none-linux-androideabi24 --sysroot=/usr/local/lib/android/sdk/ndk/27.3.13750724/toolchains/llvm/prebuilt/linux-x86_64/sysroot   -g -DANDROID -fdata-sections -ffunction-sections -funwind-tables -fstack-protector-strong -no-canonical-prefixes -D_FORTIFY_SOURCE=2 -march=armv7-a -mthumb -Wformat -Werror=format-security   -D_GNU_SOURCE=1 -fPIE -MD -MT CMakeFiles/cmTC_59233.dir/CheckIncludeFile.c.o -MF CMakeFiles/cmTC_59233.dir/CheckIncludeFile.c.o.d -o CMakeFiles/cmTC_59233.dir/CheckIncludeFile.c.o -c /home/runner/work/Nanosaur2-Android/Nanosaur2-Android/android/app/.cxx/Debug/6k2v383q/armeabi-v7a/CMakeFiles/CMakeTmp/CheckIncludeFile.c
/home/runner/work/Nanosaur2-Android/Nanosaur2-Android/android/app/.cxx/Debug/6k2v383q/armeabi-v7a/CMakeFiles/CMakeTmp/CheckIncludeFile.c:1:10: fatal error: 'pthread_np.h' file not found
    1 | #include <pthread_np.h>
      |          ^~~~~~~~~~~~~~
1 error generated.
ninja: build stopped: subcommand failed.



